[2021-03-03T19:49:33.534] [DEBUG] cheese - login => username:zs,password:123456
[2021-03-03T19:49:33.541] [DEBUG] cheese - zs
[2021-03-03T19:49:33.560] [DEBUG] cheese - null
[2021-03-03T19:49:33.561] [DEBUG] cheese - null
[2021-03-03T19:50:13.644] [DEBUG] cheese - login => username:admin,password:123456
[2021-03-03T19:50:13.644] [DEBUG] cheese - admin
[2021-03-03T19:50:13.657] [DEBUG] cheese - null
[2021-03-03T19:50:13.657] [DEBUG] cheese - null
[2021-03-06T18:39:34.753] [DEBUG] cheese - login => username:zss,password:123afaf
[2021-03-06T18:39:34.755] [DEBUG] cheese - zss
[2021-03-06T18:39:34.787] [DEBUG] cheese - null
[2021-03-06T18:39:34.788] [DEBUG] cheese - null
[2021-03-06T18:39:58.469] [DEBUG] cheese - login => username:zss,password:123ssss
[2021-03-06T18:39:58.470] [DEBUG] cheese - zss
[2021-03-06T18:39:58.474] [DEBUG] cheese - null
[2021-03-06T18:39:58.475] [DEBUG] cheese - null
[2021-03-06T18:41:39.914] [DEBUG] cheese - login => username:zss,password:sssssss
[2021-03-06T18:41:39.914] [DEBUG] cheese - zss
[2021-03-06T18:41:39.917] [DEBUG] cheese - null
[2021-03-06T18:41:39.917] [DEBUG] cheese - null
[2021-03-06T18:45:56.764] [DEBUG] cheese - login => username:zss,password:123dsag
[2021-03-06T18:45:56.765] [DEBUG] cheese - zss
[2021-03-06T18:45:56.771] [DEBUG] cheese - null
[2021-03-06T18:45:56.771] [DEBUG] cheese - null
[2021-03-06T18:47:47.976] [DEBUG] cheese - login => username:zss,password:123asdga
[2021-03-06T18:47:47.976] [DEBUG] cheese - zss
[2021-03-06T18:47:47.980] [DEBUG] cheese - null
[2021-03-06T18:47:47.980] [DEBUG] cheese - null
[2021-03-06T18:47:55.905] [DEBUG] cheese - login => username:admin,password:123456
[2021-03-06T18:47:55.905] [DEBUG] cheese - admin
[2021-03-06T18:47:55.913] [DEBUG] cheese - null
[2021-03-06T18:47:55.913] [DEBUG] cheese - null
[2021-03-06T19:49:32.001] [DEBUG] cheese - login => username:admin,password:123456
[2021-03-06T19:49:32.001] [DEBUG] cheese - admin
[2021-03-06T19:49:32.006] [DEBUG] cheese - null
[2021-03-06T19:49:32.007] [DEBUG] cheese - null
[2021-03-08T17:07:12.058] [DEBUG] cheese - login => username:admin,password:123456
[2021-03-08T17:07:12.059] [DEBUG] cheese - admin
[2021-03-08T17:07:12.079] [DEBUG] cheese - null
[2021-03-08T17:07:12.080] [DEBUG] cheese - null
[2021-03-08T17:07:19.201] [DEBUG] cheese - login => username:admi,password:123456
[2021-03-08T17:07:19.201] [DEBUG] cheese - admi
[2021-03-08T17:07:19.206] [DEBUG] cheese - null
[2021-03-08T17:07:19.207] [DEBUG] cheese - null
[2021-03-08T17:07:23.202] [DEBUG] cheese - login => username:admin,password:123456
[2021-03-08T17:07:23.202] [DEBUG] cheese - admin
[2021-03-08T17:07:23.206] [DEBUG] cheese - null
[2021-03-08T17:07:23.206] [DEBUG] cheese - null
[2021-03-08T17:11:07.482] [DEBUG] cheese - login => username:admin,password:123456
[2021-03-08T17:11:07.482] [DEBUG] cheese - admin
[2021-03-08T17:11:07.489] [DEBUG] cheese - null
[2021-03-08T17:11:07.489] [DEBUG] cheese - null
[2021-03-08T19:30:51.281] [DEBUG] cheese - login => username:admin,password:123456
[2021-03-08T19:30:51.282] [DEBUG] cheese - admin
[2021-03-08T19:30:51.296] [DEBUG] cheese - null
[2021-03-08T19:30:51.296] [DEBUG] cheese - null
[2021-03-08T19:32:41.639] [DEBUG] cheese - login => username:admin,password:123456
[2021-03-08T19:32:41.639] [DEBUG] cheese - admin
[2021-03-08T19:32:41.643] [DEBUG] cheese - null
[2021-03-08T19:32:41.644] [DEBUG] cheese - null
[2021-03-08T20:03:18.215] [DEBUG] cheese - login => username:admin,password:123456
[2021-03-08T20:03:18.215] [DEBUG] cheese - admin
[2021-03-08T20:03:18.222] [DEBUG] cheese - null
[2021-03-08T20:03:18.222] [DEBUG] cheese - null
[2021-03-08T20:16:52.942] [DEBUG] cheese - login => username:admin,password:123456
[2021-03-08T20:16:52.943] [DEBUG] cheese - admin
[2021-03-08T20:16:52.950] [DEBUG] cheese - null
[2021-03-08T20:16:52.950] [DEBUG] cheese - null
[2021-03-08T23:32:50.738] [DEBUG] cheese - login => username:admin,password:123456
[2021-03-08T23:32:50.739] [DEBUG] cheese - admin
[2021-03-08T23:32:50.753] [DEBUG] cheese - null
[2021-03-08T23:32:50.754] [DEBUG] cheese - null
[2021-03-09T00:00:12.264] [DEBUG] cheese - login => username:admin,password:123456
[2021-03-09T00:00:12.264] [DEBUG] cheese - admin
[2021-03-09T00:00:12.272] [DEBUG] cheese - null
[2021-03-09T00:00:12.272] [DEBUG] cheese - null
[2021-03-09T09:07:54.653] [DEBUG] cheese - login => username:admin,password:123456
[2021-03-09T09:07:54.653] [DEBUG] cheese - admin
[2021-03-09T09:07:54.660] [DEBUG] cheese - null
[2021-03-09T09:07:54.660] [DEBUG] cheese - null
[2021-03-09T11:58:07.764] [DEBUG] cheese - login => username:admin,password:123456
[2021-03-09T11:58:07.765] [DEBUG] cheese - admin
[2021-03-09T11:58:07.782] [DEBUG] cheese - null
[2021-03-09T11:58:07.782] [DEBUG] cheese - null
[2021-03-09T11:58:55.484] [DEBUG] cheese - login => username:admin,password:123456
[2021-03-09T11:58:55.484] [DEBUG] cheese - admin
[2021-03-09T11:58:55.487] [DEBUG] cheese - null
[2021-03-09T11:58:55.487] [DEBUG] cheese - null
[2021-03-09T19:45:37.067] [DEBUG] cheese - login => username:admin,password:123456
[2021-03-09T19:45:37.067] [DEBUG] cheese - admin
[2021-03-09T19:45:37.074] [DEBUG] cheese - null
[2021-03-09T19:45:37.074] [DEBUG] cheese - null
[2021-03-09T22:55:23.383] [DEBUG] cheese - login => username:admin,password:123456
[2021-03-09T22:55:23.383] [DEBUG] cheese - admin
[2021-03-09T22:55:23.390] [DEBUG] cheese - null
[2021-03-09T22:55:23.390] [DEBUG] cheese - null
[2021-03-09T23:22:45.649] [DEBUG] cheese - login => username:admin,password:123456
[2021-03-09T23:22:45.649] [DEBUG] cheese - admin
[2021-03-09T23:22:45.654] [DEBUG] cheese - null
[2021-03-09T23:22:45.654] [DEBUG] cheese - null
[2021-03-09T23:22:50.333] [DEBUG] cheese - login => username:admin,password:123456
[2021-03-09T23:22:50.333] [DEBUG] cheese - admin
[2021-03-09T23:22:50.336] [DEBUG] cheese - null
[2021-03-09T23:22:50.336] [DEBUG] cheese - null
[2021-03-10T13:10:55.907] [DEBUG] cheese - login => username:admin,password:123456
[2021-03-10T13:10:55.908] [DEBUG] cheese - admin
[2021-03-10T13:10:55.918] [DEBUG] cheese - null
[2021-03-10T13:10:55.918] [DEBUG] cheese - null
[2021-03-10T16:46:27.297] [DEBUG] cheese - login => username:admin,password:123456
[2021-03-10T16:46:27.298] [DEBUG] cheese - admin
[2021-03-10T16:46:27.308] [DEBUG] cheese - null
[2021-03-10T16:46:27.308] [DEBUG] cheese - null
[2021-03-11T21:01:52.705] [DEBUG] cheese - login => username:admin,password:123456
[2021-03-11T21:01:52.706] [DEBUG] cheese - admin
[2021-03-11T21:01:52.729] [DEBUG] cheese - null
[2021-03-11T21:01:52.730] [DEBUG] cheese - null
[2021-03-12T14:57:06.118] [DEBUG] cheese - login => username:admin,password:123456
[2021-03-12T14:57:06.120] [DEBUG] cheese - admin
[2021-03-12T14:57:06.145] [DEBUG] cheese - null
[2021-03-12T14:57:06.146] [DEBUG] cheese - null
[2021-03-13T14:36:18.420] [DEBUG] cheese - null
[2021-03-13T14:36:21.169] [DEBUG] cheese - null
[2021-03-13T14:37:31.512] [DEBUG] cheese - null
[2021-03-13T14:40:38.585] [DEBUG] cheese - null
[2021-03-13T14:48:03.315] [DEBUG] cheese - null
[2021-03-13T14:48:19.130] [DEBUG] cheese - null
[2021-03-13T21:47:34.640] [DEBUG] cheese - login => username:admin,password:123456
[2021-03-13T21:47:34.642] [DEBUG] cheese - admin
[2021-03-13T21:47:34.658] [DEBUG] cheese - null
[2021-03-13T21:47:34.658] [DEBUG] cheese - null
[2021-03-14T12:00:29.290] [DEBUG] cheese - login => username:admin,password:123456
[2021-03-14T12:00:29.291] [DEBUG] cheese - admin
[2021-03-14T12:00:29.299] [DEBUG] cheese - null
[2021-03-14T12:00:29.300] [DEBUG] cheese - null
[2021-03-14T22:46:34.320] [DEBUG] cheese - login => username:admin,password:123456
[2021-03-14T22:46:34.321] [DEBUG] cheese - admin
[2021-03-14T22:46:34.324] [DEBUG] cheese - null
[2021-03-14T22:46:34.324] [DEBUG] cheese - null
[2021-03-15T15:15:44.459] [DEBUG] cheese - login => username:admin,password:123456
[2021-03-15T15:15:44.464] [DEBUG] cheese - admin
[2021-03-15T15:15:44.471] [DEBUG] cheese - null
[2021-03-15T15:15:44.471] [DEBUG] cheese - null
[2021-03-15T17:30:28.350] [DEBUG] cheese - login => username:admin,password:123456
[2021-03-15T17:30:28.353] [DEBUG] cheese - admin
[2021-03-15T17:30:28.362] [DEBUG] cheese - null
[2021-03-15T17:30:28.363] [DEBUG] cheese - null
[2021-03-15T23:04:21.444] [DEBUG] cheese - login => username:admin,password:123456
[2021-03-15T23:04:21.446] [DEBUG] cheese - admin
[2021-03-15T23:04:21.467] [DEBUG] cheese - null
[2021-03-15T23:04:21.467] [DEBUG] cheese - null
[2021-03-16T00:43:32.424] [DEBUG] cheese - login => username:admin,password:123456
[2021-03-16T00:43:32.424] [DEBUG] cheese - admin
[2021-03-16T00:43:32.428] [DEBUG] cheese - null
[2021-03-16T00:43:32.428] [DEBUG] cheese - null
[2021-03-16T11:07:54.223] [DEBUG] cheese - login => username:admin,password:123456
[2021-03-16T11:07:54.224] [DEBUG] cheese - admin
[2021-03-16T11:07:54.228] [DEBUG] cheese - null
[2021-03-16T11:07:54.228] [DEBUG] cheese - null
[2021-03-16T18:14:05.794] [DEBUG] cheese - login => username:admin,password:123456
[2021-03-16T18:14:05.797] [DEBUG] cheese - admin
[2021-03-16T18:14:05.802] [DEBUG] cheese - null
[2021-03-16T18:14:05.802] [DEBUG] cheese - null
[2021-03-17T10:39:47.550] [DEBUG] cheese - login => username:admin,password:123456
[2021-03-17T10:39:47.554] [DEBUG] cheese - admin
[2021-03-17T10:39:47.566] [DEBUG] cheese - null
[2021-03-17T10:39:47.567] [DEBUG] cheese - null
[2021-03-17T20:07:41.815] [DEBUG] cheese - login => username:admin,password:123456
[2021-03-17T20:07:41.817] [DEBUG] cheese - admin
[2021-03-17T20:07:41.825] [DEBUG] cheese - null
[2021-03-17T20:07:41.825] [DEBUG] cheese - null
[2021-03-18T11:11:21.060] [DEBUG] cheese - login => username:admin,password:123456
[2021-03-18T11:11:21.064] [DEBUG] cheese - admin
[2021-03-18T11:11:21.074] [DEBUG] cheese - null
[2021-03-18T11:11:21.075] [DEBUG] cheese - null
[2021-03-19T10:05:07.053] [DEBUG] cheese - login => username:admin,password:123456
[2021-03-19T10:05:07.060] [DEBUG] cheese - admin
[2021-03-19T10:05:07.180] [DEBUG] cheese - null
[2021-03-19T10:05:07.181] [DEBUG] cheese - null
[2021-03-19T10:47:41.897] [DEBUG] cheese - login => username:admin,password:123456
[2021-03-19T10:47:41.901] [DEBUG] cheese - admin
[2021-03-19T10:47:41.925] [DEBUG] cheese - null
[2021-03-19T10:47:41.926] [DEBUG] cheese - null
[2021-03-19T13:01:56.730] [DEBUG] cheese - login => username:admin,password:123456
[2021-03-19T13:01:56.732] [DEBUG] cheese - admin
[2021-03-19T13:01:56.738] [DEBUG] cheese - null
[2021-03-19T13:01:56.738] [DEBUG] cheese - null
[2021-03-19T17:19:06.549] [DEBUG] cheese - null
[2021-03-19T17:25:28.607] [DEBUG] cheese - login => username:admin,password:123456
[2021-03-19T17:25:28.608] [DEBUG] cheese - admin
[2021-03-19T17:25:28.616] [DEBUG] cheese - null
[2021-03-19T17:25:28.617] [DEBUG] cheese - null
[2021-03-21T16:00:50.316] [DEBUG] cheese - login => username:admin,password:123456
[2021-03-21T16:00:50.318] [DEBUG] cheese - admin
[2021-03-21T16:00:50.341] [DEBUG] cheese - null
[2021-03-21T16:00:50.343] [DEBUG] cheese - null
[2021-03-22T11:04:04.079] [DEBUG] cheese - login => username:admin,password:123456
[2021-03-22T11:04:04.082] [DEBUG] cheese - admin
[2021-03-22T11:04:04.087] [DEBUG] cheese - null
[2021-03-22T11:04:04.087] [DEBUG] cheese - null
[2021-03-22T12:11:07.838] [DEBUG] cheese - login => username:admin,password:123456
[2021-03-22T12:11:07.839] [DEBUG] cheese - admin
[2021-03-22T12:11:07.845] [DEBUG] cheese - null
[2021-03-22T12:11:07.845] [DEBUG] cheese - null
[2021-03-22T18:42:48.609] [DEBUG] cheese - login => username:admin,password:123456
[2021-03-22T18:42:48.613] [DEBUG] cheese - admin
[2021-03-22T18:42:48.624] [DEBUG] cheese - null
[2021-03-22T18:42:48.625] [DEBUG] cheese - null
[2021-03-22T18:55:44.482] [DEBUG] cheese - login => username:admin,password:123456
[2021-03-22T18:55:44.482] [DEBUG] cheese - admin
[2021-03-22T18:55:44.485] [DEBUG] cheese - null
[2021-03-22T18:55:44.486] [DEBUG] cheese - null
[2021-03-22T19:28:19.712] [DEBUG] cheese - login => username:admin,password:123456
[2021-03-22T19:28:19.713] [DEBUG] cheese - admin
[2021-03-22T19:28:19.720] [DEBUG] cheese - null
[2021-03-22T19:28:19.720] [DEBUG] cheese - null
[2021-04-01T13:09:48.499] [DEBUG] cheese - login => username:admin,password:123456
[2021-04-01T13:09:48.500] [DEBUG] cheese - admin
[2021-04-01T13:09:48.523] [DEBUG] cheese - null
[2021-04-01T13:09:48.524] [DEBUG] cheese - null
[2021-04-02T10:11:31.160] [DEBUG] cheese - login => username:admin,password:123456
[2021-04-02T10:11:31.162] [DEBUG] cheese - admin
[2021-04-02T10:11:31.175] [DEBUG] cheese - null
[2021-04-02T10:11:31.175] [DEBUG] cheese - null
[2021-04-02T10:11:59.465] [DEBUG] cheese - login => username:admin,password:123456
[2021-04-02T10:11:59.465] [DEBUG] cheese - admin
[2021-04-02T10:11:59.468] [DEBUG] cheese - null
[2021-04-02T10:11:59.468] [DEBUG] cheese - null
[2021-04-02T10:12:08.478] [DEBUG] cheese - login => username:admin,password:123456
[2021-04-02T10:12:08.478] [DEBUG] cheese - admin
[2021-04-02T10:12:08.480] [DEBUG] cheese - null
[2021-04-02T10:12:08.480] [DEBUG] cheese - null
[2021-04-14T12:01:21.117] [DEBUG] cheese - login => username:admin,password:123456
[2021-04-14T12:01:21.121] [DEBUG] cheese - admin
[2021-04-14T12:01:21.151] [DEBUG] cheese - null
[2021-04-14T12:01:21.151] [DEBUG] cheese - null
[2021-04-19T17:52:43.986] [DEBUG] cheese - login => username:admin,password:123456
[2021-04-19T17:52:43.989] [DEBUG] cheese - admin
[2021-04-19T17:52:44.010] [DEBUG] cheese - null
[2021-04-19T17:52:44.011] [DEBUG] cheese - null
[2021-04-20T16:21:33.912] [DEBUG] cheese - login => username:admin,password:123456
[2021-04-20T16:21:33.914] [DEBUG] cheese - admin
[2021-04-20T16:21:33.932] [DEBUG] cheese - null
[2021-04-20T16:21:33.933] [DEBUG] cheese - null
[2021-04-20T17:19:19.461] [DEBUG] cheese - login => username:admin,password:123456
[2021-04-20T17:19:19.462] [DEBUG] cheese - admin
[2021-04-20T17:19:19.469] [DEBUG] cheese - null
[2021-04-20T17:19:19.469] [DEBUG] cheese - null
[2021-04-21T11:28:01.083] [DEBUG] cheese - login => username:admin,password:123456
[2021-04-21T11:28:01.086] [DEBUG] cheese - admin
[2021-04-21T11:28:01.105] [DEBUG] cheese - null
[2021-04-21T11:28:01.105] [DEBUG] cheese - null
[2021-04-27T10:12:58.447] [DEBUG] cheese - login => username:admin,password:123456
[2021-04-27T10:12:58.449] [DEBUG] cheese - admin
[2021-04-27T10:12:58.471] [DEBUG] cheese - null
[2021-04-27T10:12:58.472] [DEBUG] cheese - null
[2021-04-27T16:41:28.203] [DEBUG] cheese - login => username:admin,password:123456
[2021-04-27T16:41:28.206] [DEBUG] cheese - admin
[2021-04-27T16:41:28.222] [DEBUG] cheese - null
[2021-04-27T16:41:28.222] [DEBUG] cheese - null
[2021-05-01T11:22:16.644] [DEBUG] cheese - login => username:admin,password:123456
[2021-05-01T11:22:16.647] [DEBUG] cheese - admin
[2021-05-01T11:22:16.670] [DEBUG] cheese - null
[2021-05-01T11:22:16.671] [DEBUG] cheese - null
[2021-05-14T20:35:31.095] [DEBUG] cheese - login => username:admin,password:123456
[2021-05-14T20:35:31.098] [DEBUG] cheese - admin
[2021-05-14T20:35:31.125] [DEBUG] cheese - null
[2021-05-14T20:35:31.126] [DEBUG] cheese - null
[2021-05-14T20:49:16.823] [DEBUG] cheese - login => username:admin,password:123456
[2021-05-14T20:49:16.823] [DEBUG] cheese - admin
[2021-05-14T20:49:16.829] [DEBUG] cheese - null
[2021-05-14T20:49:16.829] [DEBUG] cheese - null
[2021-05-14T21:01:19.774] [DEBUG] cheese - login => username:admin,password:123456
[2021-05-14T21:01:19.774] [DEBUG] cheese - admin
[2021-05-14T21:01:19.781] [DEBUG] cheese - null
[2021-05-14T21:01:19.781] [DEBUG] cheese - null
[2021-05-14T21:01:27.494] [DEBUG] cheese - login => username:admin,password:123456
[2021-05-14T21:01:27.494] [DEBUG] cheese - admin
[2021-05-14T21:01:27.497] [DEBUG] cheese - null
[2021-05-14T21:01:27.497] [DEBUG] cheese - null
[2021-05-14T21:05:49.582] [DEBUG] cheese - login => username:admin,password:123456
[2021-05-14T21:05:49.582] [DEBUG] cheese - admin
[2021-05-14T21:05:49.587] [DEBUG] cheese - null
[2021-05-14T21:05:49.588] [DEBUG] cheese - null
[2021-05-14T21:20:43.852] [DEBUG] cheese - login => username:admin,password:123456
[2021-05-14T21:20:43.852] [DEBUG] cheese - admin
[2021-05-14T21:20:43.859] [DEBUG] cheese - null
[2021-05-14T21:20:43.859] [DEBUG] cheese - null
[2021-05-14T21:44:56.064] [DEBUG] cheese - login => username:admin,password:123456
[2021-05-14T21:44:56.064] [DEBUG] cheese - admin
[2021-05-14T21:44:56.070] [DEBUG] cheese - null
[2021-05-14T21:44:56.070] [DEBUG] cheese - null
[2021-05-14T21:55:38.410] [DEBUG] cheese - login => username:admin,password:123456
[2021-05-14T21:55:38.410] [DEBUG] cheese - admin
[2021-05-14T21:55:38.417] [DEBUG] cheese - null
[2021-05-14T21:55:38.417] [DEBUG] cheese - null
[2021-05-14T21:57:03.495] [DEBUG] cheese - null
[2021-05-26T11:19:49.466] [DEBUG] cheese - login => username:admin,password:123456
[2021-05-26T11:19:49.469] [DEBUG] cheese - admin
[2021-05-26T11:19:49.487] [DEBUG] cheese - null
[2021-05-26T11:19:49.487] [DEBUG] cheese - null
